The array B is:
14.0 32.0 23.0 
The time for Givens was:
0
The time for Library was:
2
The time difference was:
2
The array XGivens is:
1.0000000000000053 1.9999999999999956 3.0000000000000004 
The array XLibrary is:
1.0000000000000058 1.9999999999999947 3.0000000000000004 
The matrix A^(-1)Givens is:
-1.7777777777777781 0.8888888888888891 -0.1111111111111112 
1.555555555555556 -0.777777777777778 0.22222222222222232 
-0.11111111111111126 0.2222222222222223 -0.11111111111111112 
The matrix A^(-1)Library is:
-1.777777777777778 0.888888888888889 -0.11111111111111116 
1.5555555555555556 -0.7777777777777778 0.22222222222222227 
-0.11111111111111119 0.22222222222222227 -0.11111111111111112 
The Library Norm-1 inverse is:
2.7755575615628914E-16
The Givens NormInf is:
1.7763568394002505E-15
The Library NormInf is:
3.552713678800501E-15
The Givens Norm-1 is:
1.7023419710919068E-15
The Library Norm-1 is:
1.924386576016938E-15
